mode: set
github.com/shrewx/ginx/binding.go:17.87,22.40 3 1
github.com/shrewx/ginx/binding.go:22.40,23.21 1 1
github.com/shrewx/ginx/binding.go:23.21,24.12 1 0
github.com/shrewx/ginx/binding.go:27.3,28.27 2 1
github.com/shrewx/ginx/binding.go:28.27,29.12 1 0
github.com/shrewx/ginx/binding.go:34.3,34.25 1 1
github.com/shrewx/ginx/binding.go:34.25,36.69 2 1
github.com/shrewx/ginx/binding.go:36.69,38.5 1 1
github.com/shrewx/ginx/binding.go:39.4,39.23 1 1
github.com/shrewx/ginx/binding.go:44.3,44.73 1 1
github.com/shrewx/ginx/binding.go:44.73,46.49 2 1
github.com/shrewx/ginx/binding.go:46.49,48.5 1 0
github.com/shrewx/ginx/binding.go:49.4,49.27 1 1
github.com/shrewx/ginx/binding.go:53.2,53.49 1 1
github.com/shrewx/ginx/binding.go:57.57,58.12 1 1
github.com/shrewx/ginx/binding.go:59.15,60.23 1 1
github.com/shrewx/ginx/binding.go:61.14,62.22 1 1
github.com/shrewx/ginx/binding.go:63.20,64.26 1 1
github.com/shrewx/ginx/binding.go:65.27,66.31 1 1
github.com/shrewx/ginx/binding.go:67.16,68.24 1 1
github.com/shrewx/ginx/binding.go:71.2,71.21 1 1
github.com/shrewx/ginx/binding.go:72.26,73.22 1 1
github.com/shrewx/ginx/binding.go:74.37,75.21 1 1
github.com/shrewx/ginx/binding.go:76.32,77.26 1 1
github.com/shrewx/ginx/binding.go:78.54,79.25 1 1
github.com/shrewx/ginx/binding.go:80.28,81.22 1 1
github.com/shrewx/ginx/binding.go:82.26,83.22 1 1
github.com/shrewx/ginx/binding.go:84.43,85.26 1 1
github.com/shrewx/ginx/binding.go:86.29,87.31 1 1
github.com/shrewx/ginx/binding.go:88.10,89.22 1 1
github.com/shrewx/ginx/binding.go:96.95,101.40 2 1
github.com/shrewx/ginx/binding.go:101.40,102.21 1 1
github.com/shrewx/ginx/binding.go:102.21,103.12 1 0
github.com/shrewx/ginx/binding.go:106.3,107.27 2 1
github.com/shrewx/ginx/binding.go:107.27,108.12 1 0
github.com/shrewx/ginx/binding.go:111.3,114.19 2 1
github.com/shrewx/ginx/binding.go:115.15,116.47 1 1
github.com/shrewx/ginx/binding.go:117.16,118.48 1 1
github.com/shrewx/ginx/binding.go:119.17,120.49 1 1
github.com/shrewx/ginx/binding.go:121.15,122.47 1 1
github.com/shrewx/ginx/binding.go:123.20,124.52 1 1
github.com/shrewx/ginx/binding.go:125.21,126.53 1 0
github.com/shrewx/ginx/binding.go:127.15,128.47 1 1
github.com/shrewx/ginx/binding.go:129.18,130.49 1 1
github.com/shrewx/ginx/binding.go:133.3,133.17 1 1
github.com/shrewx/ginx/binding.go:133.17,135.4 1 0
github.com/shrewx/ginx/binding.go:138.2,138.49 1 1
github.com/shrewx/ginx/binding.go:142.87,144.17 2 1
github.com/shrewx/ginx/binding.go:144.17,146.3 1 0
github.com/shrewx/ginx/binding.go:148.2,148.53 1 1
github.com/shrewx/ginx/binding.go:152.88,154.17 2 1
github.com/shrewx/ginx/binding.go:154.17,156.3 1 0
github.com/shrewx/ginx/binding.go:158.2,158.53 1 1
github.com/shrewx/ginx/binding.go:162.89,164.17 2 1
github.com/shrewx/ginx/binding.go:164.17,166.3 1 0
github.com/shrewx/ginx/binding.go:168.2,168.53 1 1
github.com/shrewx/ginx/binding.go:172.87,174.17 2 1
github.com/shrewx/ginx/binding.go:174.17,176.3 1 1
github.com/shrewx/ginx/binding.go:178.2,178.53 1 1
github.com/shrewx/ginx/binding.go:182.92,184.64 1 1
github.com/shrewx/ginx/binding.go:184.64,186.17 2 1
github.com/shrewx/ginx/binding.go:186.17,188.4 1 1
github.com/shrewx/ginx/binding.go:189.3,190.13 2 0
github.com/shrewx/ginx/binding.go:194.2,195.17 2 1
github.com/shrewx/ginx/binding.go:195.17,197.3 1 0
github.com/shrewx/ginx/binding.go:199.2,199.53 1 1
github.com/shrewx/ginx/binding.go:203.93,205.17 2 1
github.com/shrewx/ginx/binding.go:205.17,207.3 1 0
github.com/shrewx/ginx/binding.go:209.2,209.53 1 1
github.com/shrewx/ginx/binding.go:213.87,217.55 2 1
github.com/shrewx/ginx/binding.go:217.55,219.3 1 1
github.com/shrewx/ginx/binding.go:219.8,219.61 1 1
github.com/shrewx/ginx/binding.go:219.61,221.3 1 1
github.com/shrewx/ginx/binding.go:221.8,221.64 1 0
github.com/shrewx/ginx/binding.go:221.64,223.3 1 0
github.com/shrewx/ginx/binding.go:223.8,223.62 1 0
github.com/shrewx/ginx/binding.go:223.62,225.3 1 0
github.com/shrewx/ginx/binding.go:228.2,228.58 1 0
github.com/shrewx/ginx/binding.go:232.89,234.16 2 1
github.com/shrewx/ginx/binding.go:234.16,236.3 1 0
github.com/shrewx/ginx/binding.go:238.2,238.54 1 1
github.com/shrewx/ginx/binding.go:242.85,243.14 1 1
github.com/shrewx/ginx/binding.go:244.22,245.30 1 1
github.com/shrewx/ginx/binding.go:246.78,247.65 1 1
github.com/shrewx/ginx/binding.go:247.65,249.4 1 1
github.com/shrewx/ginx/binding.go:250.83,251.67 1 1
github.com/shrewx/ginx/binding.go:251.67,253.4 1 1
github.com/shrewx/ginx/binding.go:254.40,255.65 1 1
github.com/shrewx/ginx/binding.go:255.65,257.4 1 1
github.com/shrewx/ginx/binding.go:258.20,259.59 1 1
github.com/shrewx/ginx/binding.go:259.59,261.4 1 1
github.com/shrewx/ginx/binding.go:262.21,264.56 1 1
github.com/shrewx/ginx/binding.go:264.56,267.31 3 1
github.com/shrewx/ginx/binding.go:267.31,269.5 1 1
github.com/shrewx/ginx/binding.go:270.4,270.25 1 1
github.com/shrewx/ginx/binding.go:274.2,274.12 1 1
github.com/shrewx/ginx/client.go:48.81,50.9 2 1
github.com/shrewx/ginx/client.go:50.9,52.17 2 0
github.com/shrewx/ginx/client.go:52.17,54.4 1 0
github.com/shrewx/ginx/client.go:55.3,55.21 1 0
github.com/shrewx/ginx/client.go:58.2,59.23 2 1
github.com/shrewx/ginx/client.go:59.23,61.3 1 1
github.com/shrewx/ginx/client.go:63.2,64.16 2 1
github.com/shrewx/ginx/client.go:64.16,66.3 1 0
github.com/shrewx/ginx/client.go:67.2,69.8 1 1
github.com/shrewx/ginx/client.go:72.90,73.16 1 1
github.com/shrewx/ginx/client.go:73.16,75.3 1 0
github.com/shrewx/ginx/client.go:77.2,78.54 2 1
github.com/shrewx/ginx/client.go:78.54,80.3 1 1
github.com/shrewx/ginx/client.go:82.2,83.50 2 1
github.com/shrewx/ginx/client.go:83.50,85.3 1 1
github.com/shrewx/ginx/client.go:87.2,88.16 2 1
github.com/shrewx/ginx/client.go:88.16,90.3 1 0
github.com/shrewx/ginx/client.go:92.2,94.21 2 1
github.com/shrewx/ginx/client.go:101.129,105.8 3 1
github.com/shrewx/ginx/client.go:105.8,107.3 1 0
github.com/shrewx/ginx/client.go:107.8,109.3 1 1
github.com/shrewx/ginx/client.go:112.2,112.14 1 1
github.com/shrewx/ginx/client.go:112.14,114.17 2 1
github.com/shrewx/ginx/client.go:114.17,116.4 1 0
github.com/shrewx/ginx/client.go:117.3,118.18 2 1
github.com/shrewx/ginx/client.go:122.2,129.9 6 1
github.com/shrewx/ginx/client.go:129.9,131.3 1 1
github.com/shrewx/ginx/client.go:132.2,138.37 4 1
github.com/shrewx/ginx/client.go:138.37,140.43 2 1
github.com/shrewx/ginx/client.go:140.43,143.18 2 1
github.com/shrewx/ginx/client.go:143.18,145.5 1 1
github.com/shrewx/ginx/client.go:146.4,146.18 1 1
github.com/shrewx/ginx/client.go:146.18,148.5 1 1
github.com/shrewx/ginx/client.go:151.4,151.14 1 1
github.com/shrewx/ginx/client.go:152.14,153.148 1 1
github.com/shrewx/ginx/client.go:154.17,155.82 1 1
github.com/shrewx/ginx/client.go:156.15,157.60 1 1
github.com/shrewx/ginx/client.go:158.14,159.107 1 1
github.com/shrewx/ginx/client.go:160.14,163.52 3 1
github.com/shrewx/ginx/client.go:164.19,168.8 2 1
github.com/shrewx/ginx/client.go:169.25,170.50 1 1
github.com/shrewx/ginx/client.go:171.24,173.20 2 1
github.com/shrewx/ginx/client.go:173.20,175.7 1 0
github.com/shrewx/ginx/client.go:177.6,177.55 1 1
github.com/shrewx/ginx/client.go:177.55,179.7 1 0
github.com/shrewx/ginx/client.go:180.26,181.28 1 1
github.com/shrewx/ginx/client.go:181.28,183.21 2 1
github.com/shrewx/ginx/client.go:183.21,185.8 1 0
github.com/shrewx/ginx/client.go:186.7,186.54 1 1
github.com/shrewx/ginx/client.go:186.54,188.8 1 0
github.com/shrewx/ginx/client.go:190.13,191.69 1 1
github.com/shrewx/ginx/client.go:193.5,194.23 2 1
github.com/shrewx/ginx/client.go:200.2,200.17 1 1
github.com/shrewx/ginx/client.go:200.17,202.20 1 1
github.com/shrewx/ginx/client.go:202.20,204.18 2 1
github.com/shrewx/ginx/client.go:204.18,206.5 1 0
github.com/shrewx/ginx/client.go:211.2,212.20 2 1
github.com/shrewx/ginx/client.go:212.20,213.62 1 1
github.com/shrewx/ginx/client.go:213.62,215.4 1 0
github.com/shrewx/ginx/client.go:215.9,217.4 1 1
github.com/shrewx/ginx/client.go:221.2,222.16 2 1
github.com/shrewx/ginx/client.go:222.16,224.3 1 0
github.com/shrewx/ginx/client.go:225.2,229.30 3 1
github.com/shrewx/ginx/client.go:229.30,232.29 3 1
github.com/shrewx/ginx/client.go:232.29,235.4 2 1
github.com/shrewx/ginx/client.go:236.3,238.30 2 1
github.com/shrewx/ginx/client.go:238.30,240.26 2 1
github.com/shrewx/ginx/client.go:240.26,245.5 1 1
github.com/shrewx/ginx/client.go:249.2,249.17 1 1
github.com/shrewx/ginx/client.go:252.44,254.20 2 1
github.com/shrewx/ginx/client.go:254.20,256.3 1 1
github.com/shrewx/ginx/client.go:257.2,258.16 2 1
github.com/shrewx/ginx/client.go:258.16,260.3 1 1
github.com/shrewx/ginx/client.go:261.2,261.19 1 1
github.com/shrewx/ginx/client.go:266.77,268.2 1 1
github.com/shrewx/ginx/client.go:270.58,271.16 1 1
github.com/shrewx/ginx/client.go:271.16,273.3 1 1
github.com/shrewx/ginx/client.go:274.2,274.63 1 1
github.com/shrewx/ginx/client.go:274.63,276.3 1 1
github.com/shrewx/ginx/client.go:277.2,277.12 1 1
github.com/shrewx/ginx/client.go:282.94,284.2 1 1
github.com/shrewx/ginx/client.go:286.75,287.16 1 1
github.com/shrewx/ginx/client.go:287.16,289.3 1 1
github.com/shrewx/ginx/client.go:290.2,290.80 1 1
github.com/shrewx/ginx/client.go:290.80,292.3 1 1
github.com/shrewx/ginx/client.go:293.2,293.12 1 1
github.com/shrewx/ginx/client.go:298.83,299.17 1 1
github.com/shrewx/ginx/client.go:299.17,301.3 1 1
github.com/shrewx/ginx/client.go:302.2,302.16 1 1
github.com/shrewx/ginx/client.go:302.16,304.3 1 0
github.com/shrewx/ginx/client.go:306.2,306.57 1 1
github.com/shrewx/ginx/client.go:309.63,310.16 1 1
github.com/shrewx/ginx/client.go:310.16,312.3 1 1
github.com/shrewx/ginx/client.go:313.2,313.61 1 1
github.com/shrewx/ginx/client.go:313.61,314.12 1 1
github.com/shrewx/ginx/client.go:314.12,316.4 1 0
github.com/shrewx/ginx/client.go:317.3,317.12 1 1
github.com/shrewx/ginx/client.go:320.2,320.12 1 1
github.com/shrewx/ginx/client.go:323.95,326.14 2 1
github.com/shrewx/ginx/client.go:326.14,328.3 1 1
github.com/shrewx/ginx/client.go:328.8,339.3 1 1
github.com/shrewx/ginx/client.go:341.2,341.52 1 1
github.com/shrewx/ginx/client.go:341.53,345.3 0 0
github.com/shrewx/ginx/client.go:347.2,348.20 2 1
github.com/shrewx/ginx/client.go:348.20,350.3 1 0
github.com/shrewx/ginx/client.go:352.2,357.15 2 1
github.com/shrewx/ginx/client.go:364.35,365.23 1 1
github.com/shrewx/ginx/client.go:365.23,367.3 1 1
github.com/shrewx/ginx/client.go:368.2,368.10 1 1
github.com/shrewx/ginx/client.go:371.47,372.15 1 1
github.com/shrewx/ginx/client.go:372.15,373.50 1 1
github.com/shrewx/ginx/client.go:373.50,375.4 1 1
github.com/shrewx/ginx/client.go:378.2,379.16 2 1
github.com/shrewx/ginx/client.go:379.16,381.3 1 0
github.com/shrewx/ginx/client.go:382.2,382.33 1 1
github.com/shrewx/ginx/client.go:382.33,384.3 1 1
github.com/shrewx/ginx/client.go:385.2,387.16 3 1
github.com/shrewx/ginx/client.go:387.16,389.3 1 1
github.com/shrewx/ginx/client.go:391.2,391.18 1 1
github.com/shrewx/ginx/client.go:394.26,396.2 1 1
github.com/shrewx/ginx/error.go:40.54,40.70 1 1
github.com/shrewx/ginx/error.go:41.54,41.73 1 1
github.com/shrewx/ginx/error.go:42.54,42.71 1 1
github.com/shrewx/ginx/error.go:43.54,43.74 1 1
github.com/shrewx/ginx/error.go:44.54,44.78 1 1
github.com/shrewx/ginx/error.go:45.54,45.76 1 1
github.com/shrewx/ginx/error.go:46.54,46.74 1 1
github.com/shrewx/ginx/error.go:62.93,67.36 3 1
github.com/shrewx/ginx/error.go:67.36,75.3 1 1
github.com/shrewx/ginx/error.go:78.2,79.32 2 1
github.com/shrewx/ginx/error.go:79.32,82.23 3 1
github.com/shrewx/ginx/error.go:82.23,84.4 1 1
github.com/shrewx/ginx/error.go:86.3,95.4 2 1
github.com/shrewx/ginx/error.go:99.2,109.3 3 1
github.com/shrewx/ginx/error.go:114.49,115.20 1 1
github.com/shrewx/ginx/error.go:115.20,117.3 1 1
github.com/shrewx/ginx/error.go:118.2,118.68 1 1
github.com/shrewx/ginx/error.go:135.72,137.2 1 1
github.com/shrewx/ginx/error.go:139.116,141.2 1 1
github.com/shrewx/ginx/error.go:154.56,161.50 4 1
github.com/shrewx/ginx/error.go:161.50,162.72 1 1
github.com/shrewx/ginx/error.go:162.72,164.9 2 1
github.com/shrewx/ginx/error.go:169.2,169.21 1 1
github.com/shrewx/ginx/error.go:169.21,171.3 1 1
github.com/shrewx/ginx/error.go:174.2,174.57 1 1
github.com/shrewx/ginx/error.go:174.57,175.32 1 1
github.com/shrewx/ginx/error.go:175.32,179.4 3 1
github.com/shrewx/ginx/error.go:183.2,184.64 2 1
github.com/shrewx/ginx/error.go:187.112,189.20 1 1
github.com/shrewx/ginx/error.go:189.20,190.30 1 1
github.com/shrewx/ginx/error.go:190.30,191.25 1 1
github.com/shrewx/ginx/error.go:191.25,193.5 1 1
github.com/shrewx/ginx/error.go:196.2,197.41 2 1
github.com/shrewx/ginx/error.go:200.35,202.2 1 1
github.com/shrewx/ginx/gin_operator.go:23.38,25.2 1 1
github.com/shrewx/ginx/gin_operator.go:27.35,31.2 1 1
github.com/shrewx/ginx/gin_operator.go:40.67,42.2 1 1
github.com/shrewx/ginx/gin_operator.go:43.35,44.29 1 1
github.com/shrewx/ginx/gin_operator.go:44.29,46.3 1 1
github.com/shrewx/ginx/gin_operator.go:47.2,47.11 1 1
github.com/shrewx/ginx/gin_operator.go:49.39,49.60 1 1
github.com/shrewx/ginx/gin_operator.go:50.37,51.29 1 1
github.com/shrewx/ginx/gin_operator.go:51.29,53.3 1 1
github.com/shrewx/ginx/gin_operator.go:54.2,54.11 1 1
github.com/shrewx/ginx/gin_operator.go:57.50,65.37 3 1
github.com/shrewx/ginx/gin_operator.go:65.37,66.26 1 1
github.com/shrewx/ginx/gin_operator.go:67.22,68.14 1 1
github.com/shrewx/ginx/gin_operator.go:68.14,69.51 1 1
github.com/shrewx/ginx/gin_operator.go:71.4,71.52 1 1
github.com/shrewx/ginx/gin_operator.go:72.23,73.48 1 1
github.com/shrewx/ginx/gin_operator.go:74.21,75.78 1 1
github.com/shrewx/ginx/gin_operator.go:79.2,81.10 2 1
github.com/shrewx/ginx/gin_operator.go:84.42,85.18 1 1
github.com/shrewx/ginx/gin_operator.go:86.20,87.74 1 1
github.com/shrewx/ginx/gin_operator.go:88.22,89.36 1 1
github.com/shrewx/ginx/gin_operator.go:90.10,92.27 2 1
github.com/shrewx/ginx/gin_operator.go:96.66,103.43 3 1
github.com/shrewx/ginx/gin_operator.go:103.43,105.3 1 1
github.com/shrewx/ginx/gin_operator.go:108.2,117.27 6 1
github.com/shrewx/ginx/gin_operator.go:117.27,119.3 1 1
github.com/shrewx/ginx/gin_operator.go:122.2,127.13 4 1
github.com/shrewx/ginx/gin_operator.go:130.51,131.47 1 1
github.com/shrewx/ginx/gin_operator.go:131.47,133.44 2 0
github.com/shrewx/ginx/gin_operator.go:133.44,135.4 1 0
github.com/shrewx/ginx/gin_operator.go:137.3,139.33 2 0
github.com/shrewx/ginx/gin_operator.go:139.33,141.4 1 0
github.com/shrewx/ginx/gin_operator.go:144.2,144.53 1 1
github.com/shrewx/ginx/gin_operator.go:144.53,145.39 1 1
github.com/shrewx/ginx/gin_operator.go:146.14,147.47 1 1
github.com/shrewx/ginx/gin_operator.go:148.15,149.48 1 0
github.com/shrewx/ginx/gin_operator.go:150.14,151.47 1 0
github.com/shrewx/ginx/gin_operator.go:152.17,153.50 1 0
github.com/shrewx/ginx/gin_operator.go:154.15,155.48 1 0
github.com/shrewx/ginx/gin_operator.go:156.16,157.49 1 0
github.com/shrewx/ginx/gin_operator.go:158.18,159.51 1 0
github.com/shrewx/ginx/gin_operator.go:160.11,161.59 1 1
github.com/shrewx/ginx/gin_operator.go:167.63,169.29 1 1
github.com/shrewx/ginx/gin_operator.go:169.29,171.3 1 1
github.com/shrewx/ginx/gin_operator.go:174.2,174.42 1 1
github.com/shrewx/ginx/gin_operator.go:174.42,176.3 1 1
github.com/shrewx/ginx/gin_operator.go:179.2,179.32 1 1
github.com/shrewx/ginx/gin_operator.go:179.32,181.3 1 1
github.com/shrewx/ginx/gin_operator.go:191.56,196.32 3 1
github.com/shrewx/ginx/gin_operator.go:196.32,200.10 3 1
github.com/shrewx/ginx/gin_operator.go:200.10,203.4 2 0
github.com/shrewx/ginx/gin_operator.go:206.3,211.38 3 1
github.com/shrewx/ginx/gin_operator.go:211.38,213.4 1 1
github.com/shrewx/ginx/gin_operator.go:216.3,216.67 1 1
github.com/shrewx/ginx/gin_operator.go:216.67,220.4 3 0
github.com/shrewx/ginx/gin_operator.go:223.3,227.17 3 1
github.com/shrewx/ginx/gin_operator.go:227.17,230.4 2 1
github.com/shrewx/ginx/gin_operator.go:233.3,233.49 1 1
github.com/shrewx/ginx/gin_operator.go:233.49,236.4 2 1
github.com/shrewx/ginx/gin_operator.go:240.3,242.9 2 1
github.com/shrewx/ginx/gin_operator.go:246.74,247.16 1 1
github.com/shrewx/ginx/gin_operator.go:247.16,249.3 1 0
github.com/shrewx/ginx/gin_operator.go:249.8,251.3 1 1
github.com/shrewx/ginx/gin_operator.go:254.56,259.32 3 1
github.com/shrewx/ginx/gin_operator.go:259.32,263.10 3 1
github.com/shrewx/ginx/gin_operator.go:263.10,267.4 3 0
github.com/shrewx/ginx/gin_operator.go:270.3,276.67 3 1
github.com/shrewx/ginx/gin_operator.go:276.67,281.4 4 0
github.com/shrewx/ginx/gin_operator.go:283.3,283.36 1 1
github.com/shrewx/ginx/gin_operator.go:284.21,286.18 2 1
github.com/shrewx/ginx/gin_operator.go:286.18,290.5 3 0
github.com/shrewx/ginx/gin_operator.go:293.4,293.50 1 1
github.com/shrewx/ginx/gin_operator.go:293.50,296.5 2 0
github.com/shrewx/ginx/gin_operator.go:299.4,299.14 1 1
github.com/shrewx/ginx/gin_operator.go:300.27,302.41 1 0
github.com/shrewx/ginx/gin_operator.go:302.41,306.5 3 0
github.com/shrewx/ginx/gin_operator.go:309.4,312.40 2 0
github.com/shrewx/ginx/gin_operator.go:312.40,315.5 1 0
github.com/shrewx/ginx/gin_operator.go:316.4,316.10 1 0
github.com/shrewx/ginx/gin_operator.go:322.39,324.37 2 1
github.com/shrewx/ginx/gin_operator.go:324.37,326.3 1 1
github.com/shrewx/ginx/gin_operator.go:327.2,327.13 1 1
github.com/shrewx/ginx/gin_operator.go:339.65,342.57 3 1
github.com/shrewx/ginx/gin_operator.go:342.57,344.3 1 0
github.com/shrewx/ginx/gin_operator.go:346.2,350.42 3 1
github.com/shrewx/ginx/gin_operator.go:350.42,352.3 1 0
github.com/shrewx/ginx/gin_operator.go:355.2,355.29 1 1
github.com/shrewx/ginx/gin_operator.go:355.29,365.3 3 1
github.com/shrewx/ginx/gin_operator.go:368.2,368.32 1 1
github.com/shrewx/ginx/gin_operator.go:368.32,371.3 2 0
github.com/shrewx/ginx/gin_operator.go:373.2,373.15 1 1
github.com/shrewx/ginx/gin_operator.go:376.44,377.18 1 1
github.com/shrewx/ginx/gin_operator.go:377.18,379.3 1 1
github.com/shrewx/ginx/gin_operator.go:380.2,380.37 1 1
github.com/shrewx/ginx/gin_operator.go:380.37,382.3 1 0
github.com/shrewx/ginx/gin_operator.go:383.2,383.17 1 1
github.com/shrewx/ginx/gin_operator.go:383.17,385.3 1 1
github.com/shrewx/ginx/gin_operator.go:386.2,386.36 1 1
github.com/shrewx/ginx/gin_operator.go:386.36,388.3 1 0
github.com/shrewx/ginx/gin_operator.go:389.2,389.35 1 1
github.com/shrewx/ginx/gin_operator.go:393.45,395.29 2 1
github.com/shrewx/ginx/gin_operator.go:395.29,397.3 1 1
github.com/shrewx/ginx/gin_operator.go:398.2,398.17 1 1
github.com/shrewx/ginx/gin_operator.go:402.38,403.22 1 1
github.com/shrewx/ginx/gin_operator.go:403.22,405.3 1 0
github.com/shrewx/ginx/gin_operator.go:408.2,409.31 2 1
github.com/shrewx/ginx/gin_operator.go:409.31,410.35 1 1
github.com/shrewx/ginx/gin_operator.go:410.35,412.4 1 1
github.com/shrewx/ginx/gin_operator.go:414.2,414.21 1 1
github.com/shrewx/ginx/gin_operator.go:414.21,416.3 1 1
github.com/shrewx/ginx/gin_operator.go:418.2,422.41 3 1
github.com/shrewx/ginx/gin_operator.go:422.41,423.43 1 0
github.com/shrewx/ginx/gin_operator.go:423.43,425.4 1 0
github.com/shrewx/ginx/gin_operator.go:426.3,426.41 1 0
github.com/shrewx/ginx/gin_operator.go:430.2,440.31 2 1
github.com/shrewx/ginx/gin_operator.go:440.31,442.17 2 1
github.com/shrewx/ginx/gin_operator.go:442.17,444.4 1 0
github.com/shrewx/ginx/gin_operator.go:446.3,457.4 3 1
github.com/shrewx/ginx/gin_operator.go:460.2,461.56 2 1
github.com/shrewx/ginx/ginx.go:48.30,49.20 1 1
github.com/shrewx/ginx/ginx.go:49.20,50.32 1 1
github.com/shrewx/ginx/ginx.go:50.32,52.18 2 1
github.com/shrewx/ginx/ginx.go:52.18,53.15 1 0
github.com/shrewx/ginx/ginx.go:55.4,55.43 1 1
github.com/shrewx/ginx/ginx.go:58.3,58.61 1 1
github.com/shrewx/ginx/ginx.go:58.61,59.14 1 0
github.com/shrewx/ginx/ginx.go:61.8,62.48 1 1
github.com/shrewx/ginx/ginx.go:62.48,63.14 1 0
github.com/shrewx/ginx/ginx.go:69.41,71.2 1 1
github.com/shrewx/ginx/ginx.go:81.58,84.39 3 0
github.com/shrewx/ginx/ginx.go:84.39,85.13 1 0
github.com/shrewx/ginx/ginx.go:91.31,92.18 1 1
github.com/shrewx/ginx/ginx.go:93.14,94.25 1 1
github.com/shrewx/ginx/ginx.go:95.10,96.25 1 1
github.com/shrewx/ginx/ginx.go:100.51,101.19 1 1
github.com/shrewx/ginx/ginx.go:101.19,103.3 1 1
github.com/shrewx/ginx/ginx.go:105.2,108.23 2 1
github.com/shrewx/ginx/ginx.go:108.23,112.3 1 1
github.com/shrewx/ginx/ginx.go:113.2,116.24 2 1
github.com/shrewx/ginx/ginx.go:116.24,118.3 1 1
github.com/shrewx/ginx/ginx.go:119.2,128.25 4 1
github.com/shrewx/ginx/ginx.go:142.44,144.2 1 1
github.com/shrewx/ginx/ginx.go:146.59,148.2 1 1
github.com/shrewx/ginx/ginx.go:150.25,151.22 1 1
github.com/shrewx/ginx/ginx.go:151.22,153.3 1 1
github.com/shrewx/ginx/ginx.go:155.2,155.20 1 1
github.com/shrewx/ginx/ginx.go:158.42,160.12 2 1
github.com/shrewx/ginx/ginx.go:160.12,162.3 1 1
github.com/shrewx/ginx/ginx.go:165.2,168.27 3 1
github.com/shrewx/ginx/ginx.go:168.27,170.3 1 1
github.com/shrewx/ginx/ginx.go:172.2,172.44 1 1
github.com/shrewx/ginx/ginx.go:172.44,178.3 5 0
github.com/shrewx/ginx/ginx.go:181.53,182.71 1 1
github.com/shrewx/ginx/ginx.go:182.71,183.55 1 1
github.com/shrewx/ginx/ginx.go:185.2,189.41 3 1
github.com/shrewx/ginx/ginx.go:189.41,191.3 1 1
github.com/shrewx/ginx/ginx.go:193.2,193.16 1 1
github.com/shrewx/ginx/ginx.go:193.16,201.3 2 0
github.com/shrewx/ginx/ginx.go:201.8,203.3 1 1
github.com/shrewx/ginx/ginx.go:205.2,205.16 1 1
github.com/shrewx/ginx/ginx.go:205.16,207.3 1 1
github.com/shrewx/ginx/ginx.go:209.2,209.12 1 0
github.com/shrewx/ginx/ginx.go:212.49,213.22 1 1
github.com/shrewx/ginx/ginx.go:213.22,226.47 3 1
github.com/shrewx/ginx/ginx.go:226.47,228.4 1 1
github.com/shrewx/ginx/ginx.go:231.2,231.12 1 1
github.com/shrewx/ginx/ginx.go:234.41,238.9 3 1
github.com/shrewx/ginx/ginx.go:239.24,240.14 1 0
github.com/shrewx/ginx/ginx.go:241.24,243.35 1 0
github.com/shrewx/ginx/ginx.go:244.39,246.14 1 0
github.com/shrewx/ginx/ginx.go:248.22,250.13 1 0
github.com/shrewx/ginx/ginx.go:253.2,253.12 1 0
github.com/shrewx/ginx/ginx.go:256.48,258.37 2 1
github.com/shrewx/ginx/ginx.go:258.37,259.13 1 0
github.com/shrewx/ginx/ginx.go:262.2,262.14 1 1
github.com/shrewx/ginx/interface.go:88.71,88.90 1 1
github.com/shrewx/ginx/interface.go:89.71,89.85 1 0
github.com/shrewx/ginx/interface.go:90.71,90.85 1 0
github.com/shrewx/ginx/method.go:7.37,7.62 1 1
github.com/shrewx/ginx/method.go:11.38,11.64 1 1
github.com/shrewx/ginx/method.go:15.37,15.62 1 0
github.com/shrewx/ginx/method.go:19.40,19.68 1 0
github.com/shrewx/ginx/method.go:23.41,23.70 1 0
github.com/shrewx/ginx/method.go:27.39,27.66 1 0
github.com/shrewx/ginx/middleware.go:12.40,14.2 1 0
github.com/shrewx/ginx/middleware.go:18.44,20.2 1 0
github.com/shrewx/ginx/middleware.go:24.51,26.2 1 0
github.com/shrewx/ginx/middleware.go:30.51,32.2 1 0
github.com/shrewx/ginx/mine.go:18.43,19.25 1 1
github.com/shrewx/ginx/mine.go:19.25,21.3 1 1
github.com/shrewx/ginx/mine.go:22.2,22.22 1 1
github.com/shrewx/ginx/mine.go:25.47,26.31 1 1
github.com/shrewx/ginx/mine.go:26.31,28.3 1 1
github.com/shrewx/ginx/mine.go:28.8,30.3 1 1
github.com/shrewx/ginx/mine.go:33.37,35.2 1 1
github.com/shrewx/ginx/mine.go:37.69,42.2 1 1
github.com/shrewx/ginx/mine.go:48.47,50.2 1 1
github.com/shrewx/ginx/mine.go:52.41,52.68 1 1
github.com/shrewx/ginx/mine.go:54.42,56.2 1 1
github.com/shrewx/ginx/mine.go:62.42,64.2 1 1
github.com/shrewx/ginx/mine.go:66.36,66.63 1 1
github.com/shrewx/ginx/mine.go:68.32,70.2 1 1
github.com/shrewx/ginx/mine.go:76.42,78.2 1 1
github.com/shrewx/ginx/mine.go:80.36,80.63 1 1
github.com/shrewx/ginx/mine.go:82.32,84.2 1 1
github.com/shrewx/ginx/mine.go:90.41,92.2 1 1
github.com/shrewx/ginx/mine.go:94.35,94.62 1 1
github.com/shrewx/ginx/mine.go:96.30,98.2 1 1
github.com/shrewx/ginx/mine.go:104.42,106.2 1 0
github.com/shrewx/ginx/mine.go:108.36,108.63 1 0
github.com/shrewx/ginx/mine.go:110.32,112.2 1 0
github.com/shrewx/ginx/mine.go:118.42,120.2 1 0
github.com/shrewx/ginx/mine.go:122.36,122.63 1 0
github.com/shrewx/ginx/mine.go:124.32,126.2 1 0
github.com/shrewx/ginx/mine.go:128.30,130.2 1 0
github.com/shrewx/ginx/mine.go:136.41,138.2 1 0
github.com/shrewx/ginx/mine.go:140.35,140.62 1 0
github.com/shrewx/ginx/mine.go:142.30,144.2 1 0
github.com/shrewx/ginx/mine.go:150.41,152.2 1 0
github.com/shrewx/ginx/mine.go:154.35,154.62 1 0
github.com/shrewx/ginx/mine.go:156.32,158.2 1 0
github.com/shrewx/ginx/mine.go:164.42,166.2 1 0
github.com/shrewx/ginx/mine.go:168.36,168.63 1 0
github.com/shrewx/ginx/mine.go:170.30,172.2 1 0
github.com/shrewx/ginx/mine.go:178.41,180.2 1 0
github.com/shrewx/ginx/mine.go:182.35,182.62 1 0
github.com/shrewx/ginx/mine.go:184.30,186.2 1 0
github.com/shrewx/ginx/mine.go:192.38,194.2 1 0
github.com/shrewx/ginx/mine.go:196.35,196.62 1 0
github.com/shrewx/ginx/mine.go:198.32,200.2 1 0
github.com/shrewx/ginx/mine.go:206.42,208.2 1 0
github.com/shrewx/ginx/mine.go:210.36,210.63 1 0
github.com/shrewx/ginx/mine.go:212.20,214.2 1 0
github.com/shrewx/ginx/mine.go:220.36,222.2 1 0
github.com/shrewx/ginx/mine.go:224.30,224.57 1 0
github.com/shrewx/ginx/mine.go:226.22,228.2 1 0
github.com/shrewx/ginx/mine.go:234.37,236.2 1 0
github.com/shrewx/ginx/mine.go:238.31,238.58 1 0
github.com/shrewx/ginx/mine.go:240.24,242.2 1 0
github.com/shrewx/ginx/mine.go:248.38,250.2 1 0
github.com/shrewx/ginx/mine.go:252.32,252.59 1 0
github.com/shrewx/ginx/mine.go:254.30,256.2 1 0
github.com/shrewx/ginx/mine.go:262.41,264.2 1 0
github.com/shrewx/ginx/mine.go:265.35,265.62 1 0
github.com/shrewx/ginx/mine.go:267.32,269.2 1 0
github.com/shrewx/ginx/mine.go:275.42,277.2 1 0
github.com/shrewx/ginx/mine.go:279.36,279.63 1 0
github.com/shrewx/ginx/operator_cache.go:37.57,38.50 1 1
github.com/shrewx/ginx/operator_cache.go:38.50,40.55 1 1
github.com/shrewx/ginx/operator_cache.go:40.55,42.4 1 1
github.com/shrewx/ginx/operator_cache.go:44.2,44.47 1 0
github.com/shrewx/ginx/operator_cache.go:48.65,52.2 2 1
github.com/shrewx/ginx/operator_cache.go:57.74,61.23 2 1
github.com/shrewx/ginx/operator_cache.go:61.23,63.3 1 0
github.com/shrewx/ginx/operator_cache.go:67.2,67.36 1 1
github.com/shrewx/ginx/operator_cache.go:67.36,69.34 1 1
github.com/shrewx/ginx/operator_cache.go:69.34,70.12 1 0
github.com/shrewx/ginx/operator_cache.go:73.3,74.26 2 1
github.com/shrewx/ginx/operator_cache.go:74.26,76.4 1 1
github.com/shrewx/ginx/operator_cache.go:84.71,86.40 1 1
github.com/shrewx/ginx/operator_cache.go:86.40,88.3 1 1
github.com/shrewx/ginx/operator_cache.go:91.2,91.62 1 1
github.com/shrewx/ginx/operator_cache.go:91.62,93.3 1 1
github.com/shrewx/ginx/operator_cache.go:96.2,101.13 3 1
github.com/shrewx/ginx/operator_cache.go:107.69,120.27 3 1
github.com/shrewx/ginx/operator_cache.go:120.27,122.4 1 1
github.com/shrewx/ginx/operator_cache.go:126.2,132.13 3 1
github.com/shrewx/ginx/operator_cache.go:136.67,137.45 1 1
github.com/shrewx/ginx/operator_cache.go:137.45,141.22 2 1
github.com/shrewx/ginx/operator_cache.go:141.22,142.12 1 1
github.com/shrewx/ginx/operator_cache.go:145.3,153.44 2 1
github.com/shrewx/ginx/operator_cache.go:153.44,157.49 2 1
github.com/shrewx/ginx/operator_cache.go:157.49,159.5 1 1
github.com/shrewx/ginx/operator_cache.go:159.10,159.64 1 1
github.com/shrewx/ginx/operator_cache.go:159.64,161.5 1 0
github.com/shrewx/ginx/operator_cache.go:161.10,164.5 1 1
github.com/shrewx/ginx/operator_cache.go:167.4,170.39 2 1
github.com/shrewx/ginx/operator_cache.go:173.3,173.47 1 1
github.com/shrewx/ginx/operator_cache.go:178.57,179.12 1 1
github.com/shrewx/ginx/operator_cache.go:180.14,181.27 1 1
github.com/shrewx/ginx/operator_cache.go:182.15,183.23 1 1
github.com/shrewx/ginx/operator_cache.go:184.14,185.22 1 1
github.com/shrewx/ginx/operator_cache.go:186.41,187.22 1 1
github.com/shrewx/ginx/operator_cache.go:192.81,197.72 2 1
github.com/shrewx/ginx/operator_cache.go:197.72,199.3 1 1
github.com/shrewx/ginx/operator_cache.go:202.2,202.68 1 1
github.com/shrewx/ginx/operator_cache.go:202.68,206.3 2 1
github.com/shrewx/ginx/operator_cache.go:210.46,214.34 3 1
github.com/shrewx/ginx/operator_cache.go:214.34,215.22 1 1
github.com/shrewx/ginx/operator_cache.go:215.22,219.67 3 1
github.com/shrewx/ginx/operator_cache.go:219.67,221.5 1 1
github.com/shrewx/ginx/operator_cache.go:222.4,222.19 1 1
github.com/shrewx/ginx/operator_cache.go:222.19,224.5 1 1
github.com/shrewx/ginx/operator_cache.go:225.4,225.15 1 1
github.com/shrewx/ginx/operator_cache.go:229.2,229.15 1 1
github.com/shrewx/ginx/operator_cache.go:233.36,234.17 1 1
github.com/shrewx/ginx/operator_cache.go:234.17,236.3 1 1
github.com/shrewx/ginx/operator_cache.go:237.2,238.32 2 1
github.com/shrewx/ginx/operator_cache.go:238.32,240.3 1 1
github.com/shrewx/ginx/operator_cache.go:241.2,241.18 1 1
github.com/shrewx/ginx/operator_cache.go:245.19,247.2 1 1
github.com/shrewx/ginx/operator_cache.go:250.44,251.31 1 1
github.com/shrewx/ginx/operator_cache.go:251.31,254.3 2 1
github.com/shrewx/ginx/response_handler.go:22.80,24.2 1 1
github.com/shrewx/ginx/response_handler.go:40.55,41.20 1 1
github.com/shrewx/ginx/response_handler.go:41.20,43.3 1 1
github.com/shrewx/ginx/response_handler.go:44.2,44.70 1 1
github.com/shrewx/ginx/response_handler.go:48.58,50.2 1 1
github.com/shrewx/ginx/response_handler.go:56.84,58.85 1 1
github.com/shrewx/ginx/response_handler.go:58.85,60.3 1 1
github.com/shrewx/ginx/response_handler.go:63.2,64.43 2 1
github.com/shrewx/ginx/response_handler.go:64.43,66.3 1 1
github.com/shrewx/ginx/response_handler.go:69.2,69.35 1 1
github.com/shrewx/ginx/response_handler.go:70.21,71.51 1 1
github.com/shrewx/ginx/response_handler.go:71.51,73.4 1 1
github.com/shrewx/ginx/response_handler.go:74.3,75.14 2 1
github.com/shrewx/ginx/response_handler.go:76.10,78.14 2 1
github.com/shrewx/ginx/response_handler.go:85.68,87.51 1 1
github.com/shrewx/ginx/response_handler.go:87.51,88.34 1 1
github.com/shrewx/ginx/response_handler.go:88.34,91.4 1 1
github.com/shrewx/ginx/response_handler.go:96.2,96.36 1 1
